<?xml version="1.0" encoding="UTF-8"?>
<testsuite name="se.magnus.microservices.core.transaction.TransactionServiceApplicationTests" tests="7" skipped="0" failures="0" errors="0" timestamp="2022-06-17T14:14:15" hostname="DESKTOP-HJGV6OB" time="0.733">
  <properties/>
  <testcase name="getTransactionsInvalidParameterNegativeValue" classname="se.magnus.microservices.core.transaction.TransactionServiceApplicationTests" time="0.437"/>
  <testcase name="postTransaction" classname="se.magnus.microservices.core.transaction.TransactionServiceApplicationTests" time="0.108"/>
  <testcase name="getTransactionsNotFound" classname="se.magnus.microservices.core.transaction.TransactionServiceApplicationTests" time="0.027"/>
  <testcase name="getTransactionsMissingParameter" classname="se.magnus.microservices.core.transaction.TransactionServiceApplicationTests" time="0.045"/>
  <testcase name="deleteTransactions" classname="se.magnus.microservices.core.transaction.TransactionServiceApplicationTests" time="0.046"/>
  <testcase name="getTransactionsByInsuranceCompanyId" classname="se.magnus.microservices.core.transaction.TransactionServiceApplicationTests" time="0.049"/>
  <testcase name="getTransactionsInvalidParameter" classname="se.magnus.microservices.core.transaction.TransactionServiceApplicationTests" time="0.015"/>
  <system-out><![CDATA[
  .   ____          _            __ _ _
 /\\ / ___'_ __ _ _(_)_ __  __ _ \ \ \ \
( ( )\___ | '_ | '_| | '_ \/ _` | \ \ \ \
 \\/  ___)| |_)| | | | | || (_| |  ) ) ) )
  '  |____| .__|_| |_|_| |_\__, | / / / /
 =========|_|==============|___/=/_/_/_/
 :: Spring Boot ::        (v2.3.0.RELEASE)

2022-06-17 16:14:12.382  INFO 5424 --- [    Test worker] m.c.t.TransactionServiceApplicationTests : Starting TransactionServiceApplicationTests on DESKTOP-HJGV6OB with PID 5424 (started by user in C:\Users\user\git\InsuranceCompanyMicroservices_DIS\DIS_projekat\microservices\transaction-service)
2022-06-17 16:14:12.382 DEBUG 5424 --- [    Test worker] m.c.t.TransactionServiceApplicationTests : Running with Spring Boot v2.3.0.RELEASE, Spring v5.2.6.RELEASE
2022-06-17 16:14:12.382  INFO 5424 --- [    Test worker] m.c.t.TransactionServiceApplicationTests : No active profile set, falling back to default profiles: default
2022-06-17 16:14:13.155  INFO 5424 --- [    Test worker] .s.d.r.c.RepositoryConfigurationDelegate : Bootstrapping Spring Data JPA repositories in DEFERRED mode.
2022-06-17 16:14:13.171  INFO 5424 --- [    Test worker] .s.d.r.c.RepositoryConfigurationDelegate : Finished Spring Data repository scanning in 16ms. Found 1 JPA repository interfaces.
2022-06-17 16:14:13.770  INFO 5424 --- [    Test worker] o.s.s.concurrent.ThreadPoolTaskExecutor  : Initializing ExecutorService 'applicationTaskExecutor'
2022-06-17 16:14:13.799  INFO 5424 --- [         task-1] o.hibernate.jpa.internal.util.LogHelper  : HHH000204: Processing PersistenceUnitInfo [name: default]
2022-06-17 16:14:13.814  INFO 5424 --- [         task-1] com.zaxxer.hikari.HikariDataSource       : HikariPool-1 - Starting...
2022-06-17 16:14:13.844  INFO 5424 --- [         task-1] com.zaxxer.hikari.HikariDataSource       : HikariPool-1 - Start completed.
2022-06-17 16:14:13.860  INFO 5424 --- [         task-1] org.hibernate.dialect.Dialect            : HHH000400: Using dialect: org.hibernate.dialect.H2Dialect
2022-06-17 16:14:13.944 DEBUG 5424 --- [         task-1] org.hibernate.SQL                        : create table transactions (id integer not null, account_number varchar(255), amount double not null, currency_transaction varchar(255), date_transaction timestamp, insurance_company_id integer not null, policy_number varchar(255), transaction_id integer not null, type_transaction varchar(255), version integer not null, primary key (id))
2022-06-17 16:14:13.944 DEBUG 5424 --- [         task-1] org.hibernate.SQL                        : alter table transactions drop constraint if exists transactions_unique_idx
2022-06-17 16:14:13.944 DEBUG 5424 --- [         task-1] org.hibernate.SQL                        : alter table transactions add constraint transactions_unique_idx unique (insurance_company_id, transaction_id)
2022-06-17 16:14:13.960 DEBUG 5424 --- [         task-1] org.hibernate.SQL                        : create sequence hibernate_sequence start with 1 increment by 1
2022-06-17 16:14:13.961  INFO 5424 --- [         task-1] o.h.e.t.j.p.i.JtaPlatformInitiator       : HHH000490: Using JtaPlatform implementation: [org.hibernate.engine.transaction.jta.platform.internal.NoJtaPlatform]
2022-06-17 16:14:13.963  INFO 5424 --- [         task-1] j.LocalContainerEntityManagerFactoryBean : Initialized JPA EntityManagerFactory for persistence unit 'default'
2022-06-17 16:14:14.460  INFO 5424 --- [    Test worker] o.s.b.a.e.web.EndpointLinksResolver      : Exposing 2 endpoint(s) beneath base path '/actuator'
2022-06-17 16:14:15.701  INFO 5424 --- [    Test worker] o.s.b.web.embedded.netty.NettyWebServer  : Netty started on port(s): 54070
2022-06-17 16:14:15.701  INFO 5424 --- [    Test worker] DeferredRepositoryInitializationListener : Triggering deferred initialization of Spring Data repositories…
2022-06-17 16:14:15.732  INFO 5424 --- [    Test worker] DeferredRepositoryInitializationListener : Spring Data repositories initialized!
2022-06-17 16:14:15.748  INFO 5424 --- [    Test worker] m.c.t.TransactionServiceApplicationTests : Started TransactionServiceApplicationTests in 3.41 seconds (JVM running for 9.753)
2022-06-17 16:14:15.817 DEBUG 5424 --- [    Test worker] org.hibernate.SQL                        : select transactio0_.id as id1_0_, transactio0_.account_number as account_2_0_, transactio0_.amount as amount3_0_, transactio0_.currency_transaction as currency4_0_, transactio0_.date_transaction as date_tra5_0_, transactio0_.insurance_company_id as insuranc6_0_, transactio0_.policy_number as policy_n7_0_, transactio0_.transaction_id as transact8_0_, transactio0_.type_transaction as type_tra9_0_, transactio0_.version as version10_0_ from transactions transactio0_
2022-06-17 16:14:16.121 DEBUG 5424 --- [ctor-http-nio-3] s.m.u.h.GlobalControllerExceptionHandler : Returning HTTP status: 422 UNPROCESSABLE_ENTITY for path: /transaction, message: Invalid insuranceCompanyId: -1
2022-06-17 16:14:16.246 DEBUG 5424 --- [    Test worker] org.hibernate.SQL                        : select transactio0_.id as id1_0_, transactio0_.account_number as account_2_0_, transactio0_.amount as amount3_0_, transactio0_.currency_transaction as currency4_0_, transactio0_.date_transaction as date_tra5_0_, transactio0_.insurance_company_id as insuranc6_0_, transactio0_.policy_number as policy_n7_0_, transactio0_.transaction_id as transact8_0_, transactio0_.type_transaction as type_tra9_0_, transactio0_.version as version10_0_ from transactions transactio0_
2022-06-17 16:14:16.340 DEBUG 5424 --- [ctor-http-nio-3] org.hibernate.SQL                        : call next value for hibernate_sequence
2022-06-17 16:14:16.340 DEBUG 5424 --- [ctor-http-nio-3] org.hibernate.SQL                        : insert into transactions (account_number, amount, currency_transaction, date_transaction, insurance_company_id, policy_number, transaction_id, type_transaction, version, id) values (?, ?, ?, ?, ?, ?, ?, ?, ?, ?)
2022-06-17 16:14:16.340 TRACE 5424 --- [ctor-http-nio-3] o.h.type.descriptor.sql.BasicBinder      : binding parameter [1] as [VARCHAR] - [accountNumber]
2022-06-17 16:14:16.340 TRACE 5424 --- [ctor-http-nio-3] o.h.type.descriptor.sql.BasicBinder      : binding parameter [2] as [DOUBLE] - [582.55]
2022-06-17 16:14:16.340 TRACE 5424 --- [ctor-http-nio-3] o.h.type.descriptor.sql.BasicBinder      : binding parameter [3] as [VARCHAR] - [currencyTransaction]
2022-06-17 16:14:16.340 TRACE 5424 --- [ctor-http-nio-3] o.h.type.descriptor.sql.BasicBinder      : binding parameter [4] as [TIMESTAMP] - [Fri Jun 17 16:14:16 CEST 2022]
2022-06-17 16:14:16.340 TRACE 5424 --- [ctor-http-nio-3] o.h.type.descriptor.sql.BasicBinder      : binding parameter [5] as [INTEGER] - [1]
2022-06-17 16:14:16.340 TRACE 5424 --- [ctor-http-nio-3] o.h.type.descriptor.sql.BasicBinder      : binding parameter [6] as [VARCHAR] - [policyNumber]
2022-06-17 16:14:16.340 TRACE 5424 --- [ctor-http-nio-3] o.h.type.descriptor.sql.BasicBinder      : binding parameter [7] as [INTEGER] - [1]
2022-06-17 16:14:16.340 TRACE 5424 --- [ctor-http-nio-3] o.h.type.descriptor.sql.BasicBinder      : binding parameter [8] as [VARCHAR] - [typeTransaction]
2022-06-17 16:14:16.340 TRACE 5424 --- [ctor-http-nio-3] o.h.type.descriptor.sql.BasicBinder      : binding parameter [9] as [INTEGER] - [0]
2022-06-17 16:14:16.340 TRACE 5424 --- [ctor-http-nio-3] o.h.type.descriptor.sql.BasicBinder      : binding parameter [10] as [INTEGER] - [1]
2022-06-17 16:14:16.340 DEBUG 5424 --- [ctor-http-nio-3] s.m.m.c.t.s.TransactionServiceImpl       : createTransaction: created a insurance transaction entity: 1/1
2022-06-17 16:14:16.356 DEBUG 5424 --- [    Test worker] org.hibernate.SQL                        : select transactio0_.id as id1_0_, transactio0_.account_number as account_2_0_, transactio0_.amount as amount3_0_, transactio0_.currency_transaction as currency4_0_, transactio0_.date_transaction as date_tra5_0_, transactio0_.insurance_company_id as insuranc6_0_, transactio0_.policy_number as policy_n7_0_, transactio0_.transaction_id as transact8_0_, transactio0_.type_transaction as type_tra9_0_, transactio0_.version as version10_0_ from transactions transactio0_ where transactio0_.transaction_id=?
2022-06-17 16:14:16.356 TRACE 5424 --- [    Test worker] o.h.type.descriptor.sql.BasicBinder      : binding parameter [1] as [INTEGER] - [1]
2022-06-17 16:14:16.356 DEBUG 5424 --- [    Test worker] org.hibernate.SQL                        : select transactio0_.id as id1_0_, transactio0_.account_number as account_2_0_, transactio0_.amount as amount3_0_, transactio0_.currency_transaction as currency4_0_, transactio0_.date_transaction as date_tra5_0_, transactio0_.insurance_company_id as insuranc6_0_, transactio0_.policy_number as policy_n7_0_, transactio0_.transaction_id as transact8_0_, transactio0_.type_transaction as type_tra9_0_, transactio0_.version as version10_0_ from transactions transactio0_
2022-06-17 16:14:16.356 DEBUG 5424 --- [    Test worker] org.hibernate.SQL                        : delete from transactions where id=? and version=?
2022-06-17 16:14:16.356 TRACE 5424 --- [    Test worker] o.h.type.descriptor.sql.BasicBinder      : binding parameter [1] as [INTEGER] - [1]
2022-06-17 16:14:16.356 TRACE 5424 --- [    Test worker] o.h.type.descriptor.sql.BasicBinder      : binding parameter [2] as [INTEGER] - [0]
2022-06-17 16:14:16.373 DEBUG 5424 --- [ctor-http-nio-3] org.hibernate.SQL                        : select transactio0_.id as id1_0_, transactio0_.account_number as account_2_0_, transactio0_.amount as amount3_0_, transactio0_.currency_transaction as currency4_0_, transactio0_.date_transaction as date_tra5_0_, transactio0_.insurance_company_id as insuranc6_0_, transactio0_.policy_number as policy_n7_0_, transactio0_.transaction_id as transact8_0_, transactio0_.type_transaction as type_tra9_0_, transactio0_.version as version10_0_ from transactions transactio0_ where transactio0_.insurance_company_id=?
2022-06-17 16:14:16.373 TRACE 5424 --- [ctor-http-nio-3] o.h.type.descriptor.sql.BasicBinder      : binding parameter [1] as [INTEGER] - [213]
2022-06-17 16:14:16.373 DEBUG 5424 --- [ctor-http-nio-3] s.m.m.c.t.s.TransactionServiceImpl       : getTransactions: response size: 0
2022-06-17 16:14:16.389 DEBUG 5424 --- [    Test worker] org.hibernate.SQL                        : select transactio0_.id as id1_0_, transactio0_.account_number as account_2_0_, transactio0_.amount as amount3_0_, transactio0_.currency_transaction as currency4_0_, transactio0_.date_transaction as date_tra5_0_, transactio0_.insurance_company_id as insuranc6_0_, transactio0_.policy_number as policy_n7_0_, transactio0_.transaction_id as transact8_0_, transactio0_.type_transaction as type_tra9_0_, transactio0_.version as version10_0_ from transactions transactio0_
2022-06-17 16:14:16.429 DEBUG 5424 --- [    Test worker] org.hibernate.SQL                        : select transactio0_.id as id1_0_, transactio0_.account_number as account_2_0_, transactio0_.amount as amount3_0_, transactio0_.currency_transaction as currency4_0_, transactio0_.date_transaction as date_tra5_0_, transactio0_.insurance_company_id as insuranc6_0_, transactio0_.policy_number as policy_n7_0_, transactio0_.transaction_id as transact8_0_, transactio0_.type_transaction as type_tra9_0_, transactio0_.version as version10_0_ from transactions transactio0_
2022-06-17 16:14:16.445 DEBUG 5424 --- [ctor-http-nio-3] org.hibernate.SQL                        : call next value for hibernate_sequence
2022-06-17 16:14:16.445 DEBUG 5424 --- [ctor-http-nio-3] org.hibernate.SQL                        : insert into transactions (account_number, amount, currency_transaction, date_transaction, insurance_company_id, policy_number, transaction_id, type_transaction, version, id) values (?, ?, ?, ?, ?, ?, ?, ?, ?, ?)
2022-06-17 16:14:16.445 TRACE 5424 --- [ctor-http-nio-3] o.h.type.descriptor.sql.BasicBinder      : binding parameter [1] as [VARCHAR] - [accountNumber]
2022-06-17 16:14:16.445 TRACE 5424 --- [ctor-http-nio-3] o.h.type.descriptor.sql.BasicBinder      : binding parameter [2] as [DOUBLE] - [582.55]
2022-06-17 16:14:16.445 TRACE 5424 --- [ctor-http-nio-3] o.h.type.descriptor.sql.BasicBinder      : binding parameter [3] as [VARCHAR] - [currencyTransaction]
2022-06-17 16:14:16.445 TRACE 5424 --- [ctor-http-nio-3] o.h.type.descriptor.sql.BasicBinder      : binding parameter [4] as [TIMESTAMP] - [Fri Jun 17 16:14:16 CEST 2022]
2022-06-17 16:14:16.445 TRACE 5424 --- [ctor-http-nio-3] o.h.type.descriptor.sql.BasicBinder      : binding parameter [5] as [INTEGER] - [1]
2022-06-17 16:14:16.445 TRACE 5424 --- [ctor-http-nio-3] o.h.type.descriptor.sql.BasicBinder      : binding parameter [6] as [VARCHAR] - [policyNumber]
2022-06-17 16:14:16.445 TRACE 5424 --- [ctor-http-nio-3] o.h.type.descriptor.sql.BasicBinder      : binding parameter [7] as [INTEGER] - [1]
2022-06-17 16:14:16.445 TRACE 5424 --- [ctor-http-nio-3] o.h.type.descriptor.sql.BasicBinder      : binding parameter [8] as [VARCHAR] - [typeTransaction]
2022-06-17 16:14:16.445 TRACE 5424 --- [ctor-http-nio-3] o.h.type.descriptor.sql.BasicBinder      : binding parameter [9] as [INTEGER] - [0]
2022-06-17 16:14:16.445 TRACE 5424 --- [ctor-http-nio-3] o.h.type.descriptor.sql.BasicBinder      : binding parameter [10] as [INTEGER] - [2]
2022-06-17 16:14:16.445 DEBUG 5424 --- [ctor-http-nio-3] s.m.m.c.t.s.TransactionServiceImpl       : createTransaction: created a insurance transaction entity: 1/1
2022-06-17 16:14:16.454 DEBUG 5424 --- [    Test worker] org.hibernate.SQL                        : select transactio0_.id as id1_0_, transactio0_.account_number as account_2_0_, transactio0_.amount as amount3_0_, transactio0_.currency_transaction as currency4_0_, transactio0_.date_transaction as date_tra5_0_, transactio0_.insurance_company_id as insuranc6_0_, transactio0_.policy_number as policy_n7_0_, transactio0_.transaction_id as transact8_0_, transactio0_.type_transaction as type_tra9_0_, transactio0_.version as version10_0_ from transactions transactio0_ where transactio0_.insurance_company_id=?
2022-06-17 16:14:16.454 TRACE 5424 --- [    Test worker] o.h.type.descriptor.sql.BasicBinder      : binding parameter [1] as [INTEGER] - [1]
2022-06-17 16:14:16.456 DEBUG 5424 --- [ctor-http-nio-3] s.m.m.c.t.s.TransactionServiceImpl       : deleteTransactions: tries to delete transactions for the insurance company with insuranceCompanyId: 1
2022-06-17 16:14:16.456 DEBUG 5424 --- [ctor-http-nio-3] org.hibernate.SQL                        : select transactio0_.id as id1_0_, transactio0_.account_number as account_2_0_, transactio0_.amount as amount3_0_, transactio0_.currency_transaction as currency4_0_, transactio0_.date_transaction as date_tra5_0_, transactio0_.insurance_company_id as insuranc6_0_, transactio0_.policy_number as policy_n7_0_, transactio0_.transaction_id as transact8_0_, transactio0_.type_transaction as type_tra9_0_, transactio0_.version as version10_0_ from transactions transactio0_ where transactio0_.insurance_company_id=?
2022-06-17 16:14:16.456 TRACE 5424 --- [ctor-http-nio-3] o.h.type.descriptor.sql.BasicBinder      : binding parameter [1] as [INTEGER] - [1]
2022-06-17 16:14:16.456 DEBUG 5424 --- [ctor-http-nio-3] org.hibernate.SQL                        : select transactio0_.id as id1_0_0_, transactio0_.account_number as account_2_0_0_, transactio0_.amount as amount3_0_0_, transactio0_.currency_transaction as currency4_0_0_, transactio0_.date_transaction as date_tra5_0_0_, transactio0_.insurance_company_id as insuranc6_0_0_, transactio0_.policy_number as policy_n7_0_0_, transactio0_.transaction_id as transact8_0_0_, transactio0_.type_transaction as type_tra9_0_0_, transactio0_.version as version10_0_0_ from transactions transactio0_ where transactio0_.id=?
2022-06-17 16:14:16.456 TRACE 5424 --- [ctor-http-nio-3] o.h.type.descriptor.sql.BasicBinder      : binding parameter [1] as [INTEGER] - [2]
2022-06-17 16:14:16.456 DEBUG 5424 --- [ctor-http-nio-3] org.hibernate.SQL                        : delete from transactions where id=? and version=?
2022-06-17 16:14:16.456 TRACE 5424 --- [ctor-http-nio-3] o.h.type.descriptor.sql.BasicBinder      : binding parameter [1] as [INTEGER] - [2]
2022-06-17 16:14:16.456 TRACE 5424 --- [ctor-http-nio-3] o.h.type.descriptor.sql.BasicBinder      : binding parameter [2] as [INTEGER] - [0]
2022-06-17 16:14:16.472 DEBUG 5424 --- [    Test worker] org.hibernate.SQL                        : select transactio0_.id as id1_0_, transactio0_.account_number as account_2_0_, transactio0_.amount as amount3_0_, transactio0_.currency_transaction as currency4_0_, transactio0_.date_transaction as date_tra5_0_, transactio0_.insurance_company_id as insuranc6_0_, transactio0_.policy_number as policy_n7_0_, transactio0_.transaction_id as transact8_0_, transactio0_.type_transaction as type_tra9_0_, transactio0_.version as version10_0_ from transactions transactio0_ where transactio0_.insurance_company_id=?
2022-06-17 16:14:16.472 TRACE 5424 --- [    Test worker] o.h.type.descriptor.sql.BasicBinder      : binding parameter [1] as [INTEGER] - [1]
2022-06-17 16:14:16.472 DEBUG 5424 --- [ctor-http-nio-3] s.m.m.c.t.s.TransactionServiceImpl       : deleteTransactions: tries to delete transactions for the insurance company with insuranceCompanyId: 1
2022-06-17 16:14:16.472 DEBUG 5424 --- [ctor-http-nio-3] org.hibernate.SQL                        : select transactio0_.id as id1_0_, transactio0_.account_number as account_2_0_, transactio0_.amount as amount3_0_, transactio0_.currency_transaction as currency4_0_, transactio0_.date_transaction as date_tra5_0_, transactio0_.insurance_company_id as insuranc6_0_, transactio0_.policy_number as policy_n7_0_, transactio0_.transaction_id as transact8_0_, transactio0_.type_transaction as type_tra9_0_, transactio0_.version as version10_0_ from transactions transactio0_ where transactio0_.insurance_company_id=?
2022-06-17 16:14:16.472 TRACE 5424 --- [ctor-http-nio-3] o.h.type.descriptor.sql.BasicBinder      : binding parameter [1] as [INTEGER] - [1]
2022-06-17 16:14:16.472 DEBUG 5424 --- [    Test worker] org.hibernate.SQL                        : select transactio0_.id as id1_0_, transactio0_.account_number as account_2_0_, transactio0_.amount as amount3_0_, transactio0_.currency_transaction as currency4_0_, transactio0_.date_transaction as date_tra5_0_, transactio0_.insurance_company_id as insuranc6_0_, transactio0_.policy_number as policy_n7_0_, transactio0_.transaction_id as transact8_0_, transactio0_.type_transaction as type_tra9_0_, transactio0_.version as version10_0_ from transactions transactio0_
2022-06-17 16:14:16.488 DEBUG 5424 --- [    Test worker] org.hibernate.SQL                        : select transactio0_.id as id1_0_, transactio0_.account_number as account_2_0_, transactio0_.amount as amount3_0_, transactio0_.currency_transaction as currency4_0_, transactio0_.date_transaction as date_tra5_0_, transactio0_.insurance_company_id as insuranc6_0_, transactio0_.policy_number as policy_n7_0_, transactio0_.transaction_id as transact8_0_, transactio0_.type_transaction as type_tra9_0_, transactio0_.version as version10_0_ from transactions transactio0_ where transactio0_.insurance_company_id=?
2022-06-17 16:14:16.488 TRACE 5424 --- [    Test worker] o.h.type.descriptor.sql.BasicBinder      : binding parameter [1] as [INTEGER] - [1]
2022-06-17 16:14:16.488 DEBUG 5424 --- [ctor-http-nio-3] org.hibernate.SQL                        : call next value for hibernate_sequence
2022-06-17 16:14:16.488 DEBUG 5424 --- [ctor-http-nio-3] org.hibernate.SQL                        : insert into transactions (account_number, amount, currency_transaction, date_transaction, insurance_company_id, policy_number, transaction_id, type_transaction, version, id) values (?, ?, ?, ?, ?, ?, ?, ?, ?, ?)
2022-06-17 16:14:16.488 TRACE 5424 --- [ctor-http-nio-3] o.h.type.descriptor.sql.BasicBinder      : binding parameter [1] as [VARCHAR] - [accountNumber]
2022-06-17 16:14:16.488 TRACE 5424 --- [ctor-http-nio-3] o.h.type.descriptor.sql.BasicBinder      : binding parameter [2] as [DOUBLE] - [582.55]
2022-06-17 16:14:16.488 TRACE 5424 --- [ctor-http-nio-3] o.h.type.descriptor.sql.BasicBinder      : binding parameter [3] as [VARCHAR] - [currencyTransaction]
2022-06-17 16:14:16.488 TRACE 5424 --- [ctor-http-nio-3] o.h.type.descriptor.sql.BasicBinder      : binding parameter [4] as [TIMESTAMP] - [Fri Jun 17 16:14:16 CEST 2022]
2022-06-17 16:14:16.488 TRACE 5424 --- [ctor-http-nio-3] o.h.type.descriptor.sql.BasicBinder      : binding parameter [5] as [INTEGER] - [1]
2022-06-17 16:14:16.488 TRACE 5424 --- [ctor-http-nio-3] o.h.type.descriptor.sql.BasicBinder      : binding parameter [6] as [VARCHAR] - [policyNumber]
2022-06-17 16:14:16.488 TRACE 5424 --- [ctor-http-nio-3] o.h.type.descriptor.sql.BasicBinder      : binding parameter [7] as [INTEGER] - [1]
2022-06-17 16:14:16.488 TRACE 5424 --- [ctor-http-nio-3] o.h.type.descriptor.sql.BasicBinder      : binding parameter [8] as [VARCHAR] - [typeTransaction]
2022-06-17 16:14:16.488 TRACE 5424 --- [ctor-http-nio-3] o.h.type.descriptor.sql.BasicBinder      : binding parameter [9] as [INTEGER] - [0]
2022-06-17 16:14:16.488 TRACE 5424 --- [ctor-http-nio-3] o.h.type.descriptor.sql.BasicBinder      : binding parameter [10] as [INTEGER] - [3]
2022-06-17 16:14:16.488 DEBUG 5424 --- [ctor-http-nio-3] s.m.m.c.t.s.TransactionServiceImpl       : createTransaction: created a insurance transaction entity: 1/1
2022-06-17 16:14:16.501 DEBUG 5424 --- [ctor-http-nio-3] org.hibernate.SQL                        : call next value for hibernate_sequence
2022-06-17 16:14:16.501 DEBUG 5424 --- [ctor-http-nio-3] org.hibernate.SQL                        : insert into transactions (account_number, amount, currency_transaction, date_transaction, insurance_company_id, policy_number, transaction_id, type_transaction, version, id) values (?, ?, ?, ?, ?, ?, ?, ?, ?, ?)
2022-06-17 16:14:16.501 TRACE 5424 --- [ctor-http-nio-3] o.h.type.descriptor.sql.BasicBinder      : binding parameter [1] as [VARCHAR] - [accountNumber]
2022-06-17 16:14:16.501 TRACE 5424 --- [ctor-http-nio-3] o.h.type.descriptor.sql.BasicBinder      : binding parameter [2] as [DOUBLE] - [582.55]
2022-06-17 16:14:16.501 TRACE 5424 --- [ctor-http-nio-3] o.h.type.descriptor.sql.BasicBinder      : binding parameter [3] as [VARCHAR] - [currencyTransaction]
2022-06-17 16:14:16.509 TRACE 5424 --- [ctor-http-nio-3] o.h.type.descriptor.sql.BasicBinder      : binding parameter [4] as [TIMESTAMP] - [Fri Jun 17 16:14:16 CEST 2022]
2022-06-17 16:14:16.509 TRACE 5424 --- [ctor-http-nio-3] o.h.type.descriptor.sql.BasicBinder      : binding parameter [5] as [INTEGER] - [1]
2022-06-17 16:14:16.509 TRACE 5424 --- [ctor-http-nio-3] o.h.type.descriptor.sql.BasicBinder      : binding parameter [6] as [VARCHAR] - [policyNumber]
2022-06-17 16:14:16.509 TRACE 5424 --- [ctor-http-nio-3] o.h.type.descriptor.sql.BasicBinder      : binding parameter [7] as [INTEGER] - [2]
2022-06-17 16:14:16.509 TRACE 5424 --- [ctor-http-nio-3] o.h.type.descriptor.sql.BasicBinder      : binding parameter [8] as [VARCHAR] - [typeTransaction]
2022-06-17 16:14:16.509 TRACE 5424 --- [ctor-http-nio-3] o.h.type.descriptor.sql.BasicBinder      : binding parameter [9] as [INTEGER] - [0]
2022-06-17 16:14:16.509 TRACE 5424 --- [ctor-http-nio-3] o.h.type.descriptor.sql.BasicBinder      : binding parameter [10] as [INTEGER] - [4]
2022-06-17 16:14:16.509 DEBUG 5424 --- [ctor-http-nio-3] s.m.m.c.t.s.TransactionServiceImpl       : createTransaction: created a insurance transaction entity: 1/2
2022-06-17 16:14:16.509 DEBUG 5424 --- [ctor-http-nio-3] org.hibernate.SQL                        : call next value for hibernate_sequence
2022-06-17 16:14:16.509 DEBUG 5424 --- [ctor-http-nio-3] org.hibernate.SQL                        : insert into transactions (account_number, amount, currency_transaction, date_transaction, insurance_company_id, policy_number, transaction_id, type_transaction, version, id) values (?, ?, ?, ?, ?, ?, ?, ?, ?, ?)
2022-06-17 16:14:16.509 TRACE 5424 --- [ctor-http-nio-3] o.h.type.descriptor.sql.BasicBinder      : binding parameter [1] as [VARCHAR] - [accountNumber]
2022-06-17 16:14:16.509 TRACE 5424 --- [ctor-http-nio-3] o.h.type.descriptor.sql.BasicBinder      : binding parameter [2] as [DOUBLE] - [582.55]
2022-06-17 16:14:16.509 TRACE 5424 --- [ctor-http-nio-3] o.h.type.descriptor.sql.BasicBinder      : binding parameter [3] as [VARCHAR] - [currencyTransaction]
2022-06-17 16:14:16.509 TRACE 5424 --- [ctor-http-nio-3] o.h.type.descriptor.sql.BasicBinder      : binding parameter [4] as [TIMESTAMP] - [Fri Jun 17 16:14:16 CEST 2022]
2022-06-17 16:14:16.525 TRACE 5424 --- [ctor-http-nio-3] o.h.type.descriptor.sql.BasicBinder      : binding parameter [5] as [INTEGER] - [1]
2022-06-17 16:14:16.525 TRACE 5424 --- [ctor-http-nio-3] o.h.type.descriptor.sql.BasicBinder      : binding parameter [6] as [VARCHAR] - [policyNumber]
2022-06-17 16:14:16.525 TRACE 5424 --- [ctor-http-nio-3] o.h.type.descriptor.sql.BasicBinder      : binding parameter [7] as [INTEGER] - [3]
2022-06-17 16:14:16.525 TRACE 5424 --- [ctor-http-nio-3] o.h.type.descriptor.sql.BasicBinder      : binding parameter [8] as [VARCHAR] - [typeTransaction]
2022-06-17 16:14:16.525 TRACE 5424 --- [ctor-http-nio-3] o.h.type.descriptor.sql.BasicBinder      : binding parameter [9] as [INTEGER] - [0]
2022-06-17 16:14:16.525 TRACE 5424 --- [ctor-http-nio-3] o.h.type.descriptor.sql.BasicBinder      : binding parameter [10] as [INTEGER] - [5]
2022-06-17 16:14:16.525 DEBUG 5424 --- [ctor-http-nio-3] s.m.m.c.t.s.TransactionServiceImpl       : createTransaction: created a insurance transaction entity: 1/3
2022-06-17 16:14:16.525 DEBUG 5424 --- [    Test worker] org.hibernate.SQL                        : select transactio0_.id as id1_0_, transactio0_.account_number as account_2_0_, transactio0_.amount as amount3_0_, transactio0_.currency_transaction as currency4_0_, transactio0_.date_transaction as date_tra5_0_, transactio0_.insurance_company_id as insuranc6_0_, transactio0_.policy_number as policy_n7_0_, transactio0_.transaction_id as transact8_0_, transactio0_.type_transaction as type_tra9_0_, transactio0_.version as version10_0_ from transactions transactio0_ where transactio0_.insurance_company_id=?
2022-06-17 16:14:16.525 TRACE 5424 --- [    Test worker] o.h.type.descriptor.sql.BasicBinder      : binding parameter [1] as [INTEGER] - [1]
2022-06-17 16:14:16.525 DEBUG 5424 --- [    Test worker] org.hibernate.SQL                        : select transactio0_.id as id1_0_, transactio0_.account_number as account_2_0_, transactio0_.amount as amount3_0_, transactio0_.currency_transaction as currency4_0_, transactio0_.date_transaction as date_tra5_0_, transactio0_.insurance_company_id as insuranc6_0_, transactio0_.policy_number as policy_n7_0_, transactio0_.transaction_id as transact8_0_, transactio0_.type_transaction as type_tra9_0_, transactio0_.version as version10_0_ from transactions transactio0_
2022-06-17 16:14:16.525 DEBUG 5424 --- [    Test worker] org.hibernate.SQL                        : delete from transactions where id=? and version=?
2022-06-17 16:14:16.525 TRACE 5424 --- [    Test worker] o.h.type.descriptor.sql.BasicBinder      : binding parameter [1] as [INTEGER] - [3]
2022-06-17 16:14:16.525 TRACE 5424 --- [    Test worker] o.h.type.descriptor.sql.BasicBinder      : binding parameter [2] as [INTEGER] - [0]
2022-06-17 16:14:16.525 DEBUG 5424 --- [    Test worker] org.hibernate.SQL                        : delete from transactions where id=? and version=?
2022-06-17 16:14:16.525 TRACE 5424 --- [    Test worker] o.h.type.descriptor.sql.BasicBinder      : binding parameter [1] as [INTEGER] - [4]
2022-06-17 16:14:16.525 TRACE 5424 --- [    Test worker] o.h.type.descriptor.sql.BasicBinder      : binding parameter [2] as [INTEGER] - [0]
2022-06-17 16:14:16.525 DEBUG 5424 --- [    Test worker] org.hibernate.SQL                        : delete from transactions where id=? and version=?
2022-06-17 16:14:16.525 TRACE 5424 --- [    Test worker] o.h.type.descriptor.sql.BasicBinder      : binding parameter [1] as [INTEGER] - [5]
2022-06-17 16:14:16.525 TRACE 5424 --- [    Test worker] o.h.type.descriptor.sql.BasicBinder      : binding parameter [2] as [INTEGER] - [0]
]]></system-out>
  <system-err><![CDATA[]]></system-err>
</testsuite>
